<?xml version="1.0" encoding="UTF-8"?>
<!-- Generated by org.testng.reporters.JUnitXMLReporter -->
<testsuite hostname="DESKTOP-9REULMD" ignored="1" name="Test" tests="3" failures="0" timestamp="04 七月 2019 07:04:47 GMT" time="13.829" errors="0">
  <testcase name="getLoginHome" time="12.935" classname="testCase.LoginCase"/>
  <testcase name="loginTest" time="0.775" classname="testCase.LoginCase"/>
  <testcase name="openCreateWaybillNoPage" time="0.088" classname="testCase.CreateWaybillnoCase"/>
  <testcase name="createWaybillNo" time="0.0" classname="testCase.CreateWaybillnoCase">
    <ignored/>
  </testcase> <!-- createWaybillNo -->
</testsuite> <!-- Test -->
