<?xml version="1.0" encoding="UTF-8"?>
<testng-results skipped="0" failed="0" ignored="1" total="4" passed="3">
  <reporter-output>
  </reporter-output>
  <suite name="Suite" duration-ms="34211" started-at="2019-07-04T07:57:57Z" finished-at="2019-07-04T07:58:32Z">
    <groups>
      <group name="group2">
        <method signature="CreateWaybillnoCase.openCreateWaybillNoPage()[pri:0, instance:testCase.CreateWaybillnoCase@6404f418]" name="openCreateWaybillNoPage" class="testCase.CreateWaybillnoCase"/>
      </group> <!-- group2 -->
      <group name="group1">
        <method signature="LoginCase.getLoginHome()[pri:0, instance:testCase.CreateWaybillnoCase@6404f418]" name="getLoginHome" class="testCase.LoginCase"/>
        <method signature="LoginCase.loginTest()[pri:0, instance:testCase.CreateWaybillnoCase@6404f418]" name="loginTest" class="testCase.LoginCase"/>
      </group> <!-- group1 -->
    </groups>
    <test name="Test" duration-ms="34211" started-at="2019-07-04T07:57:57Z" finished-at="2019-07-04T07:58:32Z">
      <class name="testCase.CreateWaybillnoCase">
        <test-method status="PASS" signature="getLoginHome()[pri:0, instance:testCase.CreateWaybillnoCase@6404f418]" name="getLoginHome" duration-ms="14841" started-at="2019-07-04T15:57:57Z" finished-at="2019-07-04T15:58:12Z">
          <reporter-output>
          </reporter-output>
        </test-method> <!-- getLoginHome -->
        <test-method status="PASS" signature="loginTest()[pri:0, instance:testCase.CreateWaybillnoCase@6404f418]" name="loginTest" duration-ms="354" started-at="2019-07-04T15:58:12Z" finished-at="2019-07-04T15:58:13Z">
          <reporter-output>
          </reporter-output>
        </test-method> <!-- loginTest -->
        <test-method status="PASS" signature="openCreateWaybillNoPage()[pri:0, instance:testCase.CreateWaybillnoCase@6404f418]" name="openCreateWaybillNoPage" duration-ms="18989" depends-on-groups="group1.*" started-at="2019-07-04T15:58:13Z" finished-at="2019-07-04T15:58:32Z">
          <reporter-output>
          </reporter-output>
        </test-method> <!-- openCreateWaybillNoPage -->
      </class> <!-- testCase.CreateWaybillnoCase -->
    </test> <!-- Test -->
  </suite> <!-- Suite -->
</testng-results>
