<?xml version="1.0" encoding="UTF-8"?>
<testng-results skipped="0" failed="0" ignored="0" total="2" passed="2">
  <reporter-output>
  </reporter-output>
  <suite name="Default suite" duration-ms="14289" started-at="2019-07-05T08:33:53Z" finished-at="2019-07-05T08:34:08Z">
    <groups>
      <group name="group1">
        <method signature="LoginCase.getLoginHome()[pri:0, instance:testCase.LoginCase@2cf3d63b]" name="getLoginHome" class="testCase.LoginCase"/>
        <method signature="LoginCase.loginTest()[pri:0, instance:testCase.LoginCase@2cf3d63b]" name="loginTest" class="testCase.LoginCase"/>
      </group> <!-- group1 -->
    </groups>
    <test name="Default test" duration-ms="14289" started-at="2019-07-05T08:33:53Z" finished-at="2019-07-05T08:34:08Z">
      <class name="testCase.LoginCase">
        <test-method status="PASS" signature="getLoginHome()[pri:0, instance:testCase.LoginCase@2cf3d63b]" name="getLoginHome" duration-ms="13240" started-at="2019-07-05T16:33:53Z" finished-at="2019-07-05T16:34:07Z">
          <reporter-output>
          </reporter-output>
        </test-method> <!-- getLoginHome -->
        <test-method status="PASS" signature="loginTest()[pri:0, instance:testCase.LoginCase@2cf3d63b]" name="loginTest" duration-ms="1020" started-at="2019-07-05T16:34:07Z" finished-at="2019-07-05T16:34:08Z">
          <reporter-output>
          </reporter-output>
        </test-method> <!-- loginTest -->
      </class> <!-- testCase.LoginCase -->
    </test> <!-- Default test -->
  </suite> <!-- Default suite -->
</testng-results>
