<?xml version="1.0" encoding="UTF-8"?>
<!-- Generated by org.testng.reporters.JUnitXMLReporter -->
<testsuite hostname="DESKTOP-9REULMD" ignored="1" name="Test" tests="3" failures="0" timestamp="04 七月 2019 07:58:32 GMT" time="34.211" errors="0">
  <testcase name="getLoginHome" time="14.841" classname="testCase.LoginCase"/>
  <testcase name="loginTest" time="0.354" classname="testCase.LoginCase"/>
  <testcase name="openCreateWaybillNoPage" time="18.989" classname="testCase.CreateWaybillnoCase"/>
  <testcase name="createWaybillNo" time="0.0" classname="testCase.CreateWaybillnoCase">
    <ignored/>
  </testcase> <!-- createWaybillNo -->
</testsuite> <!-- Test -->
